<?xml version="1.0" encoding="UTF-8"?>
<TestRun id="b8465afb-3309-4d6d-bab1-e5e9e59211f7" name="Ricco@STUDY-PC 2010-09-26 15:56:16" runUser="STUDY-PC\Ricco" xmlns="http://microsoft.com/schemas/VisualStudio/TeamTest/2006">
  <TestRunConfiguration name="Local Test Run" id="a03c0591-79ca-4567-92ff-9e4a026dd76f">
    <Description>This is a default test run configuration for a local test run.</Description>
    <Deployment runDeploymentRoot="C:\Users\Ricco\Desktop\BuildWatcher\TestResults\Ricco_STUDY-PC 2010-09-26 15_56_16">
      <DeploymentItem filename="C:\Users\Ricco\Desktop\BuildWatcher\Libs\RhinoMocks\Rhino.Mocks.dll" />
      <DeploymentItem filename="C:\Users\Ricco\Desktop\BuildWatcher\HudsonWcfService\bin\BuildFetcherService.dll" />
      <DeploymentItem filename="C:\Users\Ricco\Desktop\BuildWatcher\BuildFetcher\bin\Debug\Build Fetcher.dll" />
    </Deployment>
    <TestTypeSpecific />
  </TestRunConfiguration>
  <ResultSummary outcome="Completed">
    <Counters total="1" executed="1" passed="1" error="0" failed="0" timeout="0" aborted="0" inconclusive="0" passedButRunAborted="0" notRunnable="0" notExecuted="0" disconnected="0" warning="0" completed="0" inProgress="0" pending="0" />
  </ResultSummary>
  <Times creation="2010-09-26T15:56:16.2520237+01:00" queuing="2010-09-26T15:56:16.7110237+01:00" start="2010-09-26T15:56:16.8630237+01:00" finish="2010-09-26T15:56:17.9670237+01:00" />
  <TestDefinitions>
    <UnitTest name="Should_Successfully_Retrieve_A_Build" storage="c:\users\ricco\desktop\buildwatcher\tests\bin\debug\buildservice.tests.dll" id="a34a851a-abc1-d90a-933f-8034b7388f37">
      <Css projectStructure="" iteration="" />
      <Owners>
        <Owner name="" />
      </Owners>
      <Execution id="5a9aa84e-d6b6-452b-9a1f-f9f24558a5bf" />
      <TestMethod codeBase="C:\Users\Ricco\Desktop\BuildWatcher\Tests\bin\Debug\BuildService.Tests.dll" adapterTypeName="Microsoft.VisualStudio.TestTools.TestTypes.Unit.UnitTestAdapter, Microsoft.VisualStudio.QualityTools.Tips.UnitTest.Adapter, Version=9.0.0.0, Culture=neutral, PublicKeyToken=b03f5f7f11d50a3a" className="BuildFetcher.Tests.When_Requesting_Current_Build_For_A_Job, BuildService.Tests" name="Should_Successfully_Retrieve_A_Build" />
    </UnitTest>
  </TestDefinitions>
  <TestLists>
    <TestList name="Results Not in a List" id="8c84fa94-04c1-424b-9868-57a2d4851a1d" />
    <TestList name="All Loaded Results" id="19431567-8539-422a-85d7-44ee4e166bda" />
  </TestLists>
  <TestEntries>
    <TestEntry testId="a34a851a-abc1-d90a-933f-8034b7388f37" executionId="5a9aa84e-d6b6-452b-9a1f-f9f24558a5bf" testListId="8c84fa94-04c1-424b-9868-57a2d4851a1d" />
  </TestEntries>
  <Results>
    <UnitTestResult executionId="5a9aa84e-d6b6-452b-9a1f-f9f24558a5bf" testId="a34a851a-abc1-d90a-933f-8034b7388f37" testName="Should_Successfully_Retrieve_A_Build" computerName="STUDY-PC" duration="00:00:00.7840943" startTime="2010-09-26T15:56:16.9110237+01:00" endTime="2010-09-26T15:56:17.9310237+01:00" testType="13cdc9d9-ddb5-4fa4-a97d-d965ccfc6d4b" outcome="Passed" testListId="8c84fa94-04c1-424b-9868-57a2d4851a1d">
      <Output>
      </Output>
    </UnitTestResult>
  </Results>
</TestRun>