<?xml version="1.0" encoding="UTF-8"?>
<TestRun id="0df3b94b-f2ee-432e-a3ee-3ba8884f00a4" name="Ricco@STUDY-PC 2010-09-26 15:18:02" runUser="STUDY-PC\Ricco" xmlns="http://microsoft.com/schemas/VisualStudio/TeamTest/2006">
  <TestRunConfiguration name="Default Run Configuration" id="dd26e802-76e6-404a-bcac-479aa18c2645">
    <Deployment runDeploymentRoot="C:\Users\Ricco\Desktop\BuildWatcher\TestResults\Ricco_STUDY-PC 2010-09-26 15_18_02">
      <DeploymentItem filename="C:\Users\Ricco\Desktop\BuildWatcher\Libs\RhinoMocks\Rhino.Mocks.dll" />
      <DeploymentItem filename="C:\Users\Ricco\Desktop\BuildWatcher\BuildFetcher\obj\Debug\Build Fetcher.dll" />
      <DeploymentItem filename="C:\Users\Ricco\Desktop\BuildWatcher\HudsonWcfService\obj\Debug\BuildFetcherService.dll" />
    </Deployment>
    <Hosts skipUnhostableTests="false" />
    <TestTypeSpecific />
  </TestRunConfiguration>
  <ResultSummary outcome="Failed">
    <Counters total="2" executed="2" error="0" failed="2" timeout="0" aborted="0" inconclusive="0" passedButRunAborted="0" notRunnable="0" notExecuted="0" disconnected="0" warning="0" passed="0" completed="0" inProgress="0" pending="0" />
  </ResultSummary>
  <Times creation="2010-09-26T15:18:02.8830237+01:00" queuing="2010-09-26T15:18:03.7860237+01:00" start="2010-09-26T15:18:03.9590237+01:00" finish="2010-09-26T15:18:04.2660237+01:00" />
  <TestDefinitions>
    <UnitTest name="ShouldFetchJobXmlFromJobName" storage="c:\users\ricco\desktop\buildwatcher\tests\bin\debug\buildfetcher.tests.dll" id="ac8ff924-43df-b563-3c32-b34de68a5c6e">
      <Css projectStructure="" iteration="" />
      <Owners>
        <Owner name="" />
      </Owners>
      <Execution id="0d08774e-5810-4dd0-8877-458379977e0f" />
      <TestMethod codeBase="C:\Users\Ricco\Desktop\BuildWatcher\Tests\bin\Debug\BuildFetcher.Tests.dll" adapterTypeName="Microsoft.VisualStudio.TestTools.TestTypes.Unit.UnitTestAdapter, Microsoft.VisualStudio.QualityTools.Tips.UnitTest.Adapter, Version=9.0.0.0, Culture=neutral, PublicKeyToken=b03f5f7f11d50a3a" className="BuildFetcher.Tests.Integration.XmlFetcherTests, BuildFetcher.Tests" name="ShouldFetchJobXmlFromJobName" />
    </UnitTest>
    <UnitTest name="ShouldFetchBuildXmlFromBuildNumberAndJobName" storage="c:\users\ricco\desktop\buildwatcher\tests\bin\debug\buildfetcher.tests.dll" id="4b8eaab4-c220-290d-b3fa-b9b0f100b4c3">
      <Css projectStructure="" iteration="" />
      <Owners>
        <Owner name="" />
      </Owners>
      <Execution id="6b6c1d8b-3069-4da3-bd2d-930341e7f5eb" />
      <TestMethod codeBase="C:\Users\Ricco\Desktop\BuildWatcher\Tests\bin\Debug\BuildFetcher.Tests.dll" adapterTypeName="Microsoft.VisualStudio.TestTools.TestTypes.Unit.UnitTestAdapter, Microsoft.VisualStudio.QualityTools.Tips.UnitTest.Adapter, Version=9.0.0.0, Culture=neutral, PublicKeyToken=b03f5f7f11d50a3a" className="BuildFetcher.Tests.Integration.XmlFetcherTests, BuildFetcher.Tests" name="ShouldFetchBuildXmlFromBuildNumberAndJobName" />
    </UnitTest>
  </TestDefinitions>
  <TestLists>
    <TestList name="Results Not in a List" id="8c84fa94-04c1-424b-9868-57a2d4851a1d" />
    <TestList name="All Loaded Results" id="19431567-8539-422a-85d7-44ee4e166bda" />
  </TestLists>
  <TestEntries>
    <TestEntry testId="4b8eaab4-c220-290d-b3fa-b9b0f100b4c3" executionId="6b6c1d8b-3069-4da3-bd2d-930341e7f5eb" testListId="8c84fa94-04c1-424b-9868-57a2d4851a1d" />
    <TestEntry testId="ac8ff924-43df-b563-3c32-b34de68a5c6e" executionId="0d08774e-5810-4dd0-8877-458379977e0f" testListId="8c84fa94-04c1-424b-9868-57a2d4851a1d" />
  </TestEntries>
  <Results>
    <UnitTestResult executionId="6b6c1d8b-3069-4da3-bd2d-930341e7f5eb" testId="4b8eaab4-c220-290d-b3fa-b9b0f100b4c3" testName="ShouldFetchBuildXmlFromBuildNumberAndJobName" computerName="STUDY-PC" duration="00:00:00.0296042" startTime="2010-09-26T15:18:04.0080237+01:00" endTime="2010-09-26T15:18:04.2180237+01:00" testType="13cdc9d9-ddb5-4fa4-a97d-d965ccfc6d4b" outcome="Failed" testListId="8c84fa94-04c1-424b-9868-57a2d4851a1d">
      <Output>
        <ErrorInfo>
          <Message>Test method BuildFetcher.Tests.Integration.XmlFetcherTests.ShouldFetchBuildXmlFromBuildNumberAndJobName threw exception:  System.IO.DirectoryNotFoundException: Could not find a part of the path 'C:\job\ruby\3406\api\xml'..</Message>
          <StackTrace>    at System.IO.__Error.WinIOError(Int32 errorCode, String maybeFullPath)
   at System.IO.FileStream.Init(String path, FileMode mode, FileAccess access, Int32 rights, Boolean useRights, FileShare share, Int32 bufferSize, FileOptions options, SECURITY_ATTRIBUTES secAttrs, String msgPath, Boolean bFromProxy)
   at System.IO.FileStream..ctor(String path, FileMode mode, FileAccess access, FileShare share, Int32 bufferSize)
   at System.Xml.XmlDownloadManager.GetStream(Uri uri, ICredentials credentials)
   at System.Xml.XmlUrlResolver.GetEntity(Uri absoluteUri, String role, Type ofObjectToReturn)
   at System.Xml.XmlReader.Create(String inputUri, XmlReaderSettings settings, XmlParserContext inputContext)
   at System.Xml.XmlReader.Create(String inputUri, XmlReaderSettings settings)
   at System.Xml.Linq.XDocument.Load(String uri, LoadOptions options)
   at System.Xml.Linq.XDocument.Load(String uri)
   at BuildFetcher.HudsonXmlFetcher.LoadXmlFrom(String uri) in C:\Users\Ricco\Desktop\BuildWatcher\BuildFetcher\XmlFetcher.cs:line 36
   at BuildFetcher.HudsonXmlFetcher.GetBuildXmlFor(String jobName, Int32 buildNumber) in C:\Users\Ricco\Desktop\BuildWatcher\BuildFetcher\XmlFetcher.cs:line 31
   at BuildFetcher.Tests.Integration.XmlFetcherTests.ShouldFetchBuildXmlFromBuildNumberAndJobName() in C:\Users\Ricco\Desktop\BuildWatcher\Tests\Tests\XmlFetcherTests.cs:line 31
</StackTrace>
        </ErrorInfo>
      </Output>
    </UnitTestResult>
    <UnitTestResult executionId="0d08774e-5810-4dd0-8877-458379977e0f" testId="ac8ff924-43df-b563-3c32-b34de68a5c6e" testName="ShouldFetchJobXmlFromJobName" computerName="STUDY-PC" duration="00:00:00.0015624" startTime="2010-09-26T15:18:04.2190237+01:00" endTime="2010-09-26T15:18:04.2220237+01:00" testType="13cdc9d9-ddb5-4fa4-a97d-d965ccfc6d4b" outcome="Failed" testListId="8c84fa94-04c1-424b-9868-57a2d4851a1d">
      <Output>
        <ErrorInfo>
          <Message>Test method BuildFetcher.Tests.Integration.XmlFetcherTests.ShouldFetchJobXmlFromJobName threw exception:  System.IO.DirectoryNotFoundException: Could not find a part of the path 'C:\job\ruby\api\xml'..</Message>
          <StackTrace>    at System.IO.__Error.WinIOError(Int32 errorCode, String maybeFullPath)
   at System.IO.FileStream.Init(String path, FileMode mode, FileAccess access, Int32 rights, Boolean useRights, FileShare share, Int32 bufferSize, FileOptions options, SECURITY_ATTRIBUTES secAttrs, String msgPath, Boolean bFromProxy)
   at System.IO.FileStream..ctor(String path, FileMode mode, FileAccess access, FileShare share, Int32 bufferSize)
   at System.Xml.XmlDownloadManager.GetStream(Uri uri, ICredentials credentials)
   at System.Xml.XmlUrlResolver.GetEntity(Uri absoluteUri, String role, Type ofObjectToReturn)
   at System.Xml.XmlReader.Create(String inputUri, XmlReaderSettings settings, XmlParserContext inputContext)
   at System.Xml.XmlReader.Create(String inputUri, XmlReaderSettings settings)
   at System.Xml.Linq.XDocument.Load(String uri, LoadOptions options)
   at System.Xml.Linq.XDocument.Load(String uri)
   at BuildFetcher.HudsonXmlFetcher.LoadXmlFrom(String uri) in C:\Users\Ricco\Desktop\BuildWatcher\BuildFetcher\XmlFetcher.cs:line 36
   at BuildFetcher.HudsonXmlFetcher.GetJobXmlFor(String jobName) in C:\Users\Ricco\Desktop\BuildWatcher\BuildFetcher\XmlFetcher.cs:line 24
   at BuildFetcher.Tests.Integration.XmlFetcherTests.ShouldFetchJobXmlFromJobName() in C:\Users\Ricco\Desktop\BuildWatcher\Tests\Tests\XmlFetcherTests.cs:line 21
</StackTrace>
        </ErrorInfo>
      </Output>
    </UnitTestResult>
  </Results>
</TestRun>