<?xml version="1.0" encoding="UTF-8"?>
<TestRun id="517d9b3e-ba9a-460c-8c4a-37700ee14375" name="Ricco@STUDY-PC 2010-09-26 16:15:51" runUser="STUDY-PC\Ricco" xmlns="http://microsoft.com/schemas/VisualStudio/TeamTest/2006">
  <TestRunConfiguration name="Local Test Run" id="a03c0591-79ca-4567-92ff-9e4a026dd76f">
    <Description>This is a default test run configuration for a local test run.</Description>
    <Deployment runDeploymentRoot="C:\Users\Ricco\Desktop\BuildWatcher\TestResults\Ricco_STUDY-PC 2010-09-26 16_15_51">
      <DeploymentItem filename="C:\Users\Ricco\Desktop\BuildWatcher\Libs\RhinoMocks\Rhino.Mocks.dll" />
      <DeploymentItem filename="C:\Users\Ricco\Desktop\BuildWatcher\HudsonWcfService\bin\BuildService.dll" />
      <DeploymentItem filename="C:\Users\Ricco\Desktop\BuildWatcher\BuildFetcher\bin\Debug\Build Fetcher.dll" />
    </Deployment>
    <TestTypeSpecific />
  </TestRunConfiguration>
  <ResultSummary outcome="Completed">
    <Counters total="1" executed="1" passed="1" error="0" failed="0" timeout="0" aborted="0" inconclusive="0" passedButRunAborted="0" notRunnable="0" notExecuted="0" disconnected="0" warning="0" completed="0" inProgress="0" pending="0" />
  </ResultSummary>
  <Times creation="2010-09-26T16:15:51.5670237+01:00" queuing="2010-09-26T16:15:51.8410237+01:00" start="2010-09-26T16:15:51.8590237+01:00" finish="2010-09-26T16:15:52.7620237+01:00" />
  <TestDefinitions>
    <UnitTest name="Should_Successfully_Retrieve_A_Build" storage="c:\users\ricco\desktop\buildwatcher\tests\bin\debug\buildservice.tests.dll" id="06ab3899-23ce-e0e2-7c9c-ce29f1313bae">
      <Css projectStructure="" iteration="" />
      <Owners>
        <Owner name="" />
      </Owners>
      <Execution id="f74234de-cbe2-47a6-98b1-3d638a8cdf04" />
      <TestMethod codeBase="C:\Users\Ricco\Desktop\BuildWatcher\Tests\bin\Debug\BuildService.Tests.dll" adapterTypeName="Microsoft.VisualStudio.TestTools.TestTypes.Unit.UnitTestAdapter, Microsoft.VisualStudio.QualityTools.Tips.UnitTest.Adapter, Version=9.0.0.0, Culture=neutral, PublicKeyToken=b03f5f7f11d50a3a" className="Build_Service.Tests.When_Requesting_Current_Build_For_A_Job, BuildService.Tests" name="Should_Successfully_Retrieve_A_Build" />
    </UnitTest>
  </TestDefinitions>
  <TestLists>
    <TestList name="Results Not in a List" id="8c84fa94-04c1-424b-9868-57a2d4851a1d" />
    <TestList name="All Loaded Results" id="19431567-8539-422a-85d7-44ee4e166bda" />
  </TestLists>
  <TestEntries>
    <TestEntry testId="06ab3899-23ce-e0e2-7c9c-ce29f1313bae" executionId="f74234de-cbe2-47a6-98b1-3d638a8cdf04" testListId="8c84fa94-04c1-424b-9868-57a2d4851a1d" />
  </TestEntries>
  <Results>
    <UnitTestResult executionId="f74234de-cbe2-47a6-98b1-3d638a8cdf04" testId="06ab3899-23ce-e0e2-7c9c-ce29f1313bae" testName="Should_Successfully_Retrieve_A_Build" computerName="STUDY-PC" duration="00:00:00.8166816" startTime="2010-09-26T16:15:51.8610237+01:00" endTime="2010-09-26T16:15:52.7570237+01:00" testType="13cdc9d9-ddb5-4fa4-a97d-d965ccfc6d4b" outcome="Passed" testListId="8c84fa94-04c1-424b-9868-57a2d4851a1d">
      <Output>
      </Output>
    </UnitTestResult>
  </Results>
</TestRun>